<?xml version="1.0" encoding="UTF-8"?>
<!-- Generated by org.testng.reporters.JUnitXMLReporter -->
<testsuite ignored="0" hostname="DESKTOP-C0BIG7I" failures="0" tests="0" name="Default test" time="1.436" errors="0" timestamp="2025-04-04T07:03:11 IST">
  <testcase classname="io.cucumber.testng.AbstractTestNGCucumberTests" name="@BeforeClass setUpClass" time="1.329">
    <failure type="java.lang.IllegalStateException" message="Invalid Browser Name">
      <![CDATA[java.lang.IllegalStateException: Invalid Browser Name
at driver.DriverFactory.initDriver(DriverFactory.java:24)
at hooks.Hooks.beforeHooks(Hooks.java:29)
]]>
    </failure>
  </testcase> <!-- @BeforeClass setUpClass -->
</testsuite> <!-- Default test -->
