<?xml version="1.0" encoding="UTF-8"?>
<testng-results ignored="0" total="0" passed="0" failed="0" skipped="0">
  <reporter-output>
  </reporter-output>
  <suite started-at="2025-04-04T07:03:10 IST" name="Default suite" finished-at="2025-04-04T07:03:11 IST" duration-ms="1436">
    <groups>
      <group name="cucumber">
        <method signature="AbstractTestNGCucumberTests.runScenario(io.cucumber.testng.PickleWrapper,io.cucumber.testng.FeatureWrapper)[pri:0, instance:runners.MyTestNGRunner@68c9133c]" name="runScenario" class="io.cucumber.testng.AbstractTestNGCucumberTests"/>
      </group> <!-- cucumber -->
    </groups>
    <test started-at="2025-04-04T07:03:10 IST" name="Default test" finished-at="2025-04-04T07:03:11 IST" duration-ms="1436">
      <class name="runners.MyTestNGRunner">
        <test-method is-config="true" signature="setUpClass(org.testng.ITestContext)[pri:0, instance:runners.MyTestNGRunner@68c9133c]" started-at="2025-04-04T07:03:10 IST" name="setUpClass" finished-at="2025-04-04T07:03:11 IST" duration-ms="1329" status="FAIL">
          <params>
            <param index="0">
              <value>
                <![CDATA[org.testng.TestRunner@9cd25ff]]>
              </value>
            </param>
          </params>
          <exception class="java.lang.IllegalStateException">
            <message>
              <![CDATA[Invalid Browser Name]]>
            </message>
            <full-stacktrace>
              <![CDATA[java.lang.IllegalStateException: Invalid Browser Name
at driver.DriverFactory.initDriver(DriverFactory.java:24)
at hooks.Hooks.beforeHooks(Hooks.java:29)
]]>
            </full-stacktrace>
          </exception> <!-- java.lang.IllegalStateException -->
          <reporter-output>
          </reporter-output>
        </test-method> <!-- setUpClass -->
        <test-method is-config="true" signature="tearDownClass()[pri:0, instance:runners.MyTestNGRunner@68c9133c]" started-at="2025-04-04T07:03:11 IST" name="tearDownClass" finished-at="2025-04-04T07:03:11 IST" duration-ms="2" status="PASS">
          <reporter-output>
          </reporter-output>
        </test-method> <!-- tearDownClass -->
      </class> <!-- runners.MyTestNGRunner -->
    </test> <!-- Default test -->
  </suite> <!-- Default suite -->
</testng-results>
